<?xml version="1.0" encoding="UTF-8"?>
<!-- Generated by org.testng.reporters.JUnitXMLReporter -->
<testsuite ignored="0" hostname="LPF511RX4" failures="1" tests="2" name="Test" time="31.439" errors="0" timestamp="2025-05-15T10:17:56 IST">
  <testcase classname="testCases.TC_001AccountRegistrationTest" name="verify_account_registration" time="2.745"/>
  <testcase classname="testCases.TC_002LoginTest" name="verify_login" time="11.284">
    <failure type="java.lang.AssertionError" message="Login failed expected [true] but found [false]">
      <![CDATA[java.lang.AssertionError: Login failed expected [true] but found [false]
at testCases.TC_002LoginTest.verify_login(TC_002LoginTest.java:29)
at java.base/java.util.ArrayList.forEach(ArrayList.java:1596)
... Removed 31 stack frames]]>
    </failure>
  </testcase> <!-- verify_login -->
</testsuite> <!-- Test -->
